<?xml version="1.0" encoding="UTF-8"?>
<!-- Generated by org.testng.reporters.JUnitReportReporter -->
<testsuite hostname="DEV-LPT331" failures="0" tests="1" name="appiumbasicslearning.SwipeDemo" time="8.969" errors="0" timestamp="2024-03-20T18:04:47 IST" skipped="0">
  <testcase classname="appiumbasicslearning.SwipeDemo" name="swipeDemoTest" time="8.969"/>
  <system-out/>
</testsuite> <!-- appiumbasicslearning.SwipeDemo -->
