<?xml version="1.0" encoding="UTF-8"?>
<!-- Generated by org.testng.reporters.JUnitReportReporter -->
<testsuite hostname="DEV-LPT331" failures="0" tests="1" name="appiumbasicslearning.ScrollDemo" time="16.964" errors="0" timestamp="2024-03-20T17:26:04 IST" skipped="0">
  <testcase classname="appiumbasicslearning.ScrollDemo" name="scrollDemoTest" time="16.964"/>
  <system-out/>
</testsuite> <!-- appiumbasicslearning.ScrollDemo -->
