<?xml version="1.0" encoding="UTF-8"?>
<!-- Generated by org.testng.reporters.JUnitReportReporter -->
<testsuite hostname="DEV-LPT331" failures="0" tests="1" name="appiumbasicslearning.LongPress" time="13.730" errors="0" timestamp="2024-03-19T21:18:20 IST" skipped="0">
  <testcase classname="appiumbasicslearning.LongPress" name="longPressGuesture" time="13.730"/>
  <system-out/>
</testsuite> <!-- appiumbasicslearning.LongPress -->
