<?xml version="1.0" encoding="UTF-8"?>
<!-- Generated by org.testng.reporters.JUnitReportReporter -->
<testsuite hostname="DEV-LPT331" failures="0" tests="1" name="appiumbasicslearning.DragAndDrop" time="10.542" errors="0" timestamp="2024-03-20T18:58:38 IST" skipped="0">
  <testcase classname="appiumbasicslearning.DragAndDrop" name="dragAndDropTest" time="10.542"/>
  <system-out/>
</testsuite> <!-- appiumbasicslearning.DragAndDrop -->
