<?xml version="1.0" encoding="UTF-8"?>
<!-- Generated by org.testng.reporters.JUnitReportReporter -->
<testsuite hostname="DEV-LPT331" failures="0" tests="1" name="appiumbasicslearning.AppiumBasics" time="16.677" errors="0" timestamp="2024-03-20T22:59:01 IST" skipped="0">
  <testcase classname="appiumbasicslearning.AppiumBasics" name="miscellaneousAppiumTest" time="16.677"/>
  <system-out/>
</testsuite> <!-- appiumbasicslearning.AppiumBasics -->
